<?xml version="1.0" encoding="UTF-8" ?>
<testsuite tests="10" failures="0" name="com.example.attendance_wx.AppTest" time="0.803" errors="0" skipped="0">
  <properties>
    <property name="idea.version" value="2021.3.2"/>
    <property name="java.runtime.name" value="OpenJDK Runtime Environment"/>
    <property name="sun.boot.library.path" value="D:\IntelliJ IDEA 2021.3.2\jbr\bin\jdks\corretto-1.8.0_352\jre\bin"/>
    <property name="java.vm.version" value="25.352-b08"/>
    <property name="java.vm.vendor" value="Amazon.com Inc."/>
    <property name="maven.multiModuleProjectDirectory" value="D:\project\attendance"/>
    <property name="java.vendor.url" value="https://aws.amazon.com/corretto/"/>
    <property name="path.separator" value=";"/>
    <property name="guice.disable.misplaced.annotation.check" value="true"/>
    <property name="java.vm.name" value="OpenJDK 64-Bit Server VM"/>
    <property name="file.encoding.pkg" value="sun.io"/>
    <property name="user.script" value=""/>
    <property name="user.country" value="CN"/>
    <property name="sun.java.launcher" value="SUN_STANDARD"/>
    <property name="sun.os.patch.level" value=""/>
    <property name="java.vm.specification.name" value="Java Virtual Machine Specification"/>
    <property name="user.dir" value="D:\project\attendance"/>
    <property name="java.runtime.version" value="1.8.0_352-b08"/>
    <property name="java.awt.graphicsenv" value="sun.awt.Win32GraphicsEnvironment"/>
    <property name="java.endorsed.dirs" value="D:\IntelliJ IDEA 2021.3.2\jbr\bin\jdks\corretto-1.8.0_352\jre\lib\endorsed"/>
    <property name="os.arch" value="amd64"/>
    <property name="java.io.tmpdir" value="C:\Users\陈黎明\AppData\Local\Temp\"/>
    <property name="line.separator" value="
"/>
    <property name="java.vm.specification.vendor" value="Oracle Corporation"/>
    <property name="user.variant" value=""/>
    <property name="os.name" value="Windows 11"/>
    <property name="maven.ext.class.path" value="D:\IntelliJ IDEA 2021.3.2\plugins\maven\lib\maven-event-listener.jar"/>
    <property name="classworlds.conf" value="D:\IntelliJ IDEA 2021.3.2\plugins\maven\lib\maven3\bin\m2.conf"/>
    <property name="sun.jnu.encoding" value="GBK"/>
    <property name="java.library.path" value="D:\IntelliJ IDEA 2021.3.2\jbr\bin\jdks\corretto-1.8.0_352\bin;C:\Windows\Sun\Java\bin;C:\Windows\system32;C:\Windows;C:\Program Files\Common Files\Oracle\Java\javapath;C:\Windows\system32;C:\Windows;C:\Windows\System32\Wbem;C:\Windows\System32\WindowsPowerShell\v1.0\;C:\Windows\System32\OpenSSH\;C:\Program Files (x86)\NVIDIA Corporation\PhysX\Common;C:\Program Files\NVIDIA Corporation\NVIDIA NvDLISR;D:\apache-maven-3.8.6\bin;D:\mysql-5.7.40-winx64\bin;D:\node\;C:\Program Files\Git\cmd;D:\Redis\;D:\mingw\MinGW\bin;D:\node\node_global;D:\微信web开发者工具\dll;D:\anaconda;C:\Program Files\dotnet\;D:\CMake\bin;C:\Users\陈黎明\AppData\Local\Microsoft\WindowsApps;;D:\Microsoft VS Code\bin;C:\Users\陈黎明\AppData\Roaming\npm;."/>
    <property name="maven.conf" value="D:\IntelliJ IDEA 2021.3.2\plugins\maven\lib\maven3/conf"/>
    <property name="java.specification.name" value="Java Platform API Specification"/>
    <property name="java.class.version" value="52.0"/>
    <property name="sun.management.compiler" value="HotSpot 64-Bit Tiered Compilers"/>
    <property name="maven.repo.local" value="D:\repository"/>
    <property name="os.version" value="10.0"/>
    <property name="user.home" value="C:\Users\陈黎明"/>
    <property name="user.timezone" value="Asia/Shanghai"/>
    <property name="java.awt.printerjob" value="sun.awt.windows.WPrinterJob"/>
    <property name="java.specification.version" value="1.8"/>
    <property name="file.encoding" value="GBK"/>
    <property name="user.name" value="陈黎明"/>
    <property name="java.class.path" value="D:\IntelliJ IDEA 2021.3.2\plugins\maven\lib\maven3\boot\plexus-classworlds-2.6.0.jar;D:\IntelliJ IDEA 2021.3.2\plugins\maven\lib\maven3\boot\plexus-classworlds.license;D:\IntelliJ IDEA 2021.3.2\lib\idea_rt.jar"/>
    <property name="java.vm.specification.version" value="1.8"/>
    <property name="sun.arch.data.model" value="64"/>
    <property name="java.home" value="D:\IntelliJ IDEA 2021.3.2\jbr\bin\jdks\corretto-1.8.0_352\jre"/>
    <property name="sun.java.command" value="org.codehaus.classworlds.Launcher -Didea.version=2021.3.2 -T 8 -s D:\apache-maven-3.8.6\conf\settings.xml -Dmaven.repo.local=D:\repository install"/>
    <property name="java.specification.vendor" value="Oracle Corporation"/>
    <property name="user.language" value="zh"/>
    <property name="awt.toolkit" value="sun.awt.windows.WToolkit"/>
    <property name="java.vm.info" value="mixed mode"/>
    <property name="java.version" value="1.8.0_352"/>
    <property name="java.ext.dirs" value="D:\IntelliJ IDEA 2021.3.2\jbr\bin\jdks\corretto-1.8.0_352\jre\lib\ext;C:\Windows\Sun\Java\lib\ext"/>
    <property name="sun.boot.class.path" value="D:\IntelliJ IDEA 2021.3.2\jbr\bin\jdks\corretto-1.8.0_352\jre\lib\resources.jar;D:\IntelliJ IDEA 2021.3.2\jbr\bin\jdks\corretto-1.8.0_352\jre\lib\rt.jar;D:\IntelliJ IDEA 2021.3.2\jbr\bin\jdks\corretto-1.8.0_352\jre\lib\sunrsasign.jar;D:\IntelliJ IDEA 2021.3.2\jbr\bin\jdks\corretto-1.8.0_352\jre\lib\jsse.jar;D:\IntelliJ IDEA 2021.3.2\jbr\bin\jdks\corretto-1.8.0_352\jre\lib\jce.jar;D:\IntelliJ IDEA 2021.3.2\jbr\bin\jdks\corretto-1.8.0_352\jre\lib\charsets.jar;D:\IntelliJ IDEA 2021.3.2\jbr\bin\jdks\corretto-1.8.0_352\jre\lib\jfr.jar;D:\IntelliJ IDEA 2021.3.2\jbr\bin\jdks\corretto-1.8.0_352\jre\classes"/>
    <property name="java.vendor" value="Amazon.com Inc."/>
    <property name="java.specification.maintenance.version" value="4"/>
    <property name="maven.home" value="D:\IntelliJ IDEA 2021.3.2\plugins\maven\lib\maven3"/>
    <property name="file.separator" value="\"/>
    <property name="java.vendor.url.bug" value="https://github.com/corretto/corretto-8/issues/"/>
    <property name="sun.cpu.endian" value="little"/>
    <property name="sun.io.unicode.encoding" value="UnicodeLittle"/>
    <property name="sun.desktop" value="windows"/>
    <property name="sun.cpu.isalist" value="amd64"/>
  </properties>
  <testcase classname="com.example.attendance_wx.AppTest" name="Test" time="0.414"/>
  <testcase classname="com.example.attendance_wx.AppTest" name="test1" time="0.275"/>
  <testcase classname="com.example.attendance_wx.AppTest" name="test2" time="0.021"/>
  <testcase classname="com.example.attendance_wx.AppTest" name="test3" time="0.008"/>
  <testcase classname="com.example.attendance_wx.AppTest" name="test4" time="0.018"/>
  <testcase classname="com.example.attendance_wx.AppTest" name="test5" time="0.005"/>
  <testcase classname="com.example.attendance_wx.AppTest" name="test6" time="0.043"/>
  <testcase classname="com.example.attendance_wx.AppTest" name="test7" time="0.001"/>
  <testcase classname="com.example.attendance_wx.AppTest" name="test8" time="0"/>
  <testcase classname="com.example.attendance_wx.AppTest" name="test9" time="0.018"/>
</testsuite>